2024-04-09 17:48:09,640:INFO:Starting the application
2024-04-09 17:48:09,804:INFO:[31m[1mWARNING: This is a development server. Do not use it in a production deployment. Use a production WSGI server instead.[0m
 * Running on all addresses (0.0.0.0)
 * Running on http://127.0.0.1:5000
 * Running on http://10.10.77.110:5000
2024-04-09 17:48:09,804:INFO:[33mPress CTRL+C to quit[0m
2024-04-09 17:48:09,804:INFO: * Restarting with stat
2024-04-09 17:48:11,692:INFO:Starting the application
2024-04-09 17:48:11,711:WARNING: * Debugger is active!
2024-04-09 17:48:11,719:INFO: * Debugger PIN: 101-094-255
2024-04-09 17:51:32,054:INFO: * Detected change in 'D:\\Personal\\Universidad\\Postgrado\\Unal\\Materias\\5_Producto_de_Datos\\taller-presencial-WilsonG1976\\src\\7b_docker_client\\autograding.py', reloading
2024-04-09 17:51:32,091:INFO: * Restarting with stat
2024-04-09 17:51:34,125:INFO:Starting the application
2024-04-09 17:51:34,156:WARNING: * Debugger is active!
2024-04-09 17:51:34,156:INFO: * Debugger PIN: 101-094-255
2024-04-09 17:51:48,712:INFO:Finishing the application
2024-04-09 17:51:48,735:INFO:Finishing the application
2024-04-09 17:51:52,903:INFO:Starting the application
2024-04-09 17:51:53,088:INFO:[31m[1mWARNING: This is a development server. Do not use it in a production deployment. Use a production WSGI server instead.[0m
 * Running on all addresses (0.0.0.0)
 * Running on http://127.0.0.1:5000
 * Running on http://10.10.77.110:5000
2024-04-09 17:51:53,088:INFO:[33mPress CTRL+C to quit[0m
2024-04-09 17:51:53,104:INFO: * Restarting with stat
2024-04-09 17:51:54,580:INFO:Starting the application
2024-04-09 17:51:54,590:WARNING: * Debugger is active!
2024-04-09 17:51:54,598:INFO: * Debugger PIN: 101-094-255
2024-04-09 17:54:03,182:INFO: * Detected change in 'D:\\Personal\\Universidad\\Postgrado\\Unal\\Materias\\5_Producto_de_Datos\\taller-presencial-WilsonG1976\\src\\7b_docker_client\\autograding.py', reloading
2024-04-09 17:54:03,221:INFO: * Restarting with stat
2024-04-09 17:54:05,895:INFO:Starting the application
2024-04-09 17:54:05,929:WARNING: * Debugger is active!
2024-04-09 17:54:05,929:INFO: * Debugger PIN: 101-094-255
2024-04-09 17:54:08,182:INFO:Finishing the application
2024-04-09 17:54:08,206:INFO:Finishing the application
